<?xml version="1.0" encoding="UTF-8"?>
<!-- Generated by org.testng.reporters.JUnitReportReporter -->
<testsuite hostname="LAPTOP-12JLK5JE" failures="0" tests="1" name="testngprgms.Progactions" time="2.722" errors="0" timestamp="2023-05-30T10:59:34 IST" skipped="0">
  <testcase classname="testngprgms.Progactions" name="testing" time="2.722"/>
  <system-out/>
</testsuite> <!-- testngprgms.Progactions -->
