<?xml version="1.0" encoding="UTF-8"?>
<!-- Generated by org.testng.reporters.JUnitReportReporter -->
<testsuite hostname="LAPTOP-12JLK5JE" failures="0" tests="1" name="testngprgms.Prgm2" time="4.743" errors="0" timestamp="2023-06-07T19:41:33 IST" skipped="0">
  <testcase classname="testngprgms.Prgm2" name="testing" time="4.743"/>
  <system-out/>
</testsuite> <!-- testngprgms.Prgm2 -->
