<?xml version="1.0" encoding="UTF-8"?>
<!-- Generated by org.testng.reporters.JUnitReportReporter -->
<testsuite hostname="LAPTOP-12JLK5JE" failures="0" tests="3" name="testngprgms.Prog1" time="3.775" errors="0" timestamp="2023-06-01T07:15:11 IST" skipped="0">
  <testcase classname="testngprgms.Prog1" name="radio" time="2.571"/>
  <system-out/>
  <testcase classname="testngprgms.Prog1" name="button" time="0.626"/>
  <system-out/>
  <testcase classname="testngprgms.Prog1" name="logo" time="0.578"/>
  <system-out/>
</testsuite> <!-- testngprgms.Prog1 -->
