<?xml version="1.0" encoding="UTF-8"?>
<!-- Generated by org.testng.reporters.JUnitReportReporter -->
<testsuite hostname="LAPTOP-12JLK5JE" failures="0" tests="1" name="pomprojecttest.Registrationtest" time="1.281" errors="0" timestamp="2023-06-18T12:43:28 IST" skipped="0">
  <testcase classname="pomprojecttest.Registrationtest" name="registrationtest" time="1.281"/>
  <system-out/>
</testsuite> <!-- pomprojecttest.Registrationtest -->
