<?xml version="1.0" encoding="UTF-8"?>
<!-- Generated by org.testng.reporters.JUnitReportReporter -->
<testsuite hostname="LAPTOP-12JLK5JE" failures="0" tests="1" name="testngprgms.Prgm4" time="3.584" errors="0" timestamp="2023-06-01T07:47:56 IST" skipped="0">
  <testcase classname="testngprgms.Prgm4" name="testing" time="3.584"/>
  <system-out/>
</testsuite> <!-- testngprgms.Prgm4 -->
