<?xml version="1.0" encoding="UTF-8"?>
<!-- Generated by org.testng.reporters.JUnitReportReporter -->
<testsuite hostname="LAPTOP-12JLK5JE" failures="0" tests="1" name="testngprgms.Prgm3" time="3.014" errors="0" timestamp="2023-06-09T10:19:42 IST" skipped="0">
  <testcase classname="testngprgms.Prgm3" name="testing" time="3.014"/>
  <system-out/>
</testsuite> <!-- testngprgms.Prgm3 -->
