<?xml version="1.0" encoding="UTF-8"?>
<!-- Generated by org.testng.reporters.JUnitReportReporter -->
<testsuite hostname="LAPTOP-12JLK5JE" failures="0" tests="1" name="testngprgms.prgm1Actions" time="8.933" errors="0" timestamp="2023-05-30T11:07:24 IST" skipped="0">
  <testcase classname="testngprgms.prgm1Actions" name="testing" time="8.933"/>
  <system-out/>
</testsuite> <!-- testngprgms.prgm1Actions -->
