<?xml version="1.0" encoding="UTF-8"?>
<!-- Generated by org.testng.reporters.JUnitReportReporter -->
<testsuite hostname="LAPTOP-12JLK5JE" failures="0" tests="1" name="testngprgms.FileUploadProgram" time="5.163" errors="0" timestamp="2023-06-05T12:45:39 IST" skipped="0">
  <testcase classname="testngprgms.FileUploadProgram" name="test" time="5.163"/>
  <system-out/>
</testsuite> <!-- testngprgms.FileUploadProgram -->
