<?xml version="1.0" encoding="UTF-8"?>
<!-- Generated by org.testng.reporters.JUnitReportReporter -->
<testsuite hostname="LAPTOP-12JLK5JE" failures="0" tests="1" name="testngprgms.WaitsExample" time="4.942" errors="0" timestamp="2023-06-07T20:23:19 IST" skipped="0">
  <testcase classname="testngprgms.WaitsExample" name="testing" time="4.942"/>
  <system-out/>
</testsuite> <!-- testngprgms.WaitsExample -->
