<?xml version="1.0" encoding="UTF-8"?>
<!-- Generated by org.testng.reporters.JUnitReportReporter -->
<testsuite hostname="LAPTOP-12JLK5JE" failures="0" tests="6" name="testngprgms.Testpg1" time="3.217" errors="0" timestamp="2023-05-29T08:16:22 IST" skipped="1">
  <testcase classname="testngprgms.Testpg1" name="d" time="0.563"/>
  <system-out/>
  <testcase classname="testngprgms.Testpg1" name="b" time="0.619"/>
  <system-out/>
  <testcase classname="testngprgms.Testpg1" name="b" time="0.606"/>
  <system-out/>
  <testcase classname="testngprgms.Testpg1" name="b" time="0.612"/>
  <system-out/>
  <testcase classname="testngprgms.Testpg1" name="c" time="0.817"/>
  <system-out/>
  <testcase classname="testngprgms.Testpg1" name="a">
    <skipped/>
  </testcase> <!-- a -->
  <system-out/>
</testsuite> <!-- testngprgms.Testpg1 -->
