<?xml version="1.0" encoding="UTF-8"?>
<!-- Generated by org.testng.reporters.JUnitReportReporter -->
<testsuite hostname="LAPTOP-12JLK5JE" failures="0" tests="2" name="testngprgms.Testngpg" time="0.006" errors="0" timestamp="2023-05-28T08:23:08 IST" skipped="0">
  <testcase classname="testngprgms.Testngpg" name="test2" time="0.001"/>
  <system-out/>
  <testcase classname="testngprgms.Testngpg" name="test1" time="0.005"/>
  <system-out/>
</testsuite> <!-- testngprgms.Testngpg -->
