<?xml version="1.0" encoding="UTF-8"?>
<!-- Generated by org.testng.reporters.JUnitReportReporter -->
<testsuite hostname="LAPTOP-12JLK5JE" failures="0" tests="1" name="test.Fbcreatetest" time="1.692" errors="0" timestamp="2023-06-25T12:40:50 IST" skipped="0">
  <testcase classname="test.Fbcreatetest" name="Createpagetest" time="1.692"/>
</testsuite> <!-- test.Fbcreatetest -->
