<?xml version="1.0" encoding="UTF-8"?>
<!-- Generated by org.testng.reporters.JUnitReportReporter -->
<testsuite hostname="LAPTOP-12JLK5JE" failures="0" tests="1" name="testngprgms.ApiLoginPage" time="8.717" errors="0" timestamp="2023-06-01T12:42:29 IST" skipped="0">
  <testcase classname="testngprgms.ApiLoginPage" name="testing" time="8.717"/>
  <system-out/>
</testsuite> <!-- testngprgms.ApiLoginPage -->
