<?xml version="1.0" encoding="UTF-8"?>
<!-- Generated by org.testng.reporters.JUnitReportReporter -->
<testsuite hostname="LAPTOP-12JLK5JE" failures="0" tests="1" name="testngprgms.Assertexample" time="1.168" errors="0" timestamp="2023-06-07T15:52:54 IST" skipped="0">
  <testcase classname="testngprgms.Assertexample" name="testing" time="1.168"/>
  <system-out/>
</testsuite> <!-- testngprgms.Assertexample -->
